<?xml version="1.0" encoding="UTF-8"?>
<!-- Generated by org.testng.reporters.JUnitXMLReporter -->
<testsuite hostname="AV25071" failures="0" tests="3" name="Default test" time="19.472" errors="0" timestamp="2 Dec 2020 17:06:21 GMT">
  <testcase classname="com.Yale_Test_Automated.Consultar_Test" name="Consultar" time="6.425"/>
  <testcase classname="com.Yale_Test_Automated.Consultar_Test" name="Consultar" time="6.389"/>
  <testcase classname="com.Yale_Test_Automated.Consultar_Test" name="DocumentoVacio" time="2.253"/>
</testsuite> <!-- Default test -->
