<?xml version="1.0" encoding="UTF-8"?>
<!-- Generated by org.testng.reporters.JUnitXMLReporter -->
<testsuite hostname="AV25071" failures="1" tests="1" name="Test on Chrome Responder Encuesta" time="691858.759" errors="0" timestamp="15 Jan 2021 21:56:47 GMT">
  <testcase classname="com.Yale_Test_Responder.Consultar_Test_Responder_Encuesta" name="Contestar_Encuesta" time="691841.711">
    <failure type="java.lang.AssertionError" message="expected [] but found [Prueba de guardado Front]">
      <![CDATA[java.lang.AssertionError: expected [] but found [Prueba de guardado Front]
	at com.Yale_Test_Responder.Consultar_Test_Responder_Encuesta.Contestar_Encuesta(Unknown Source)
... Removed 29 stack frames]]>
    </failure>
  </testcase> <!-- Contestar_Encuesta -->
</testsuite> <!-- Test on Chrome Responder Encuesta -->
