<?xml version="1.0" encoding="UTF-8"?>
<!-- Generated by org.testng.reporters.JUnitXMLReporter -->
<testsuite hostname="AV25071" failures="0" tests="7" name="Test on Chrome Encuesta Validar link" time="17.474" errors="0" timestamp="18 Dec 2020 22:19:26 GMT">
  <testcase classname="com.Yale_Test_Automated.Consultar_Test_Encuesta_Login" name="Login" time="0.661"/>
  <testcase classname="com.Yale_Test_Automated.Consultar_Test_Encuesta_Login" name="Login" time="0.582"/>
  <testcase classname="com.Yale_Test_Automated.Consultar_Test_Encuesta_Login" name="Login" time="0.558"/>
  <testcase classname="com.Yale_Test_Automated.Consultar_Test_Encuesta_Login" name="Login" time="0.56"/>
  <testcase classname="com.Yale_Test_Automated.Consultar_Test_Encuesta_Login" name="Login" time="0.56"/>
  <testcase classname="com.Yale_Test_Automated.Consultar_Test_Encuesta_Login" name="Login" time="2.44"/>
  <testcase classname="com.Yale_Test_Automated.Consultar_Test_Encuesta_Login" name="Logout" time="1.216"/>
</testsuite> <!-- Test on Chrome Encuesta Validar link -->
