<?xml version="1.0" encoding="UTF-8"?>
<!-- Generated by org.testng.reporters.JUnitXMLReporter -->
<testsuite hostname="AV25071" failures="0" tests="3" name="Test on FF" time="26.12" errors="0" timestamp="2 Dec 2020 20:53:09 GMT">
  <testcase classname="com.Yale_Test_Automated.Consultar_Test" name="Consultar" time="6.913"/>
  <testcase classname="com.Yale_Test_Automated.Consultar_Test" name="Consultar" time="6.908"/>
  <testcase classname="com.Yale_Test_Automated.Consultar_Test" name="DocumentoVacio" time="2.613"/>
</testsuite> <!-- Test on FF -->
