<?xml version="1.0" encoding="UTF-8"?>
<!-- Generated by org.testng.reporters.JUnitXMLReporter -->
<testsuite hostname="AV25071" failures="0" tests="3" name="Test on Chrome" time="23.985" errors="0" timestamp="2 Dec 2020 20:52:42 GMT">
  <testcase classname="com.Yale_Test_Automated.Consultar_Test" name="Consultar" time="6.459"/>
  <testcase classname="com.Yale_Test_Automated.Consultar_Test" name="Consultar" time="6.369"/>
  <testcase classname="com.Yale_Test_Automated.Consultar_Test" name="DocumentoVacio" time="2.238"/>
</testsuite> <!-- Test on Chrome -->
