<?xml version="1.0" encoding="UTF-8"?>
<!-- Generated by org.testng.reporters.JUnitXMLReporter -->
<testsuite hostname="AV25071" failures="1" tests="21" name="Test on Chrome Encuesta paginacion" time="81.355" errors="0" timestamp="18 Dec 2020 22:30:12 GMT">
  <testcase classname="com.Yale_Test_Automated.Consultar_Test_Encuesta_Paginacion" name="Control_Data_Paginacion" time="4.241"/>
  <testcase classname="com.Yale_Test_Automated.Consultar_Test_Encuesta_Paginacion" name="Control_Data_Paginacion" time="2.892"/>
  <testcase classname="com.Yale_Test_Automated.Consultar_Test_Encuesta_Paginacion" name="Control_Data_Paginacion" time="2.921"/>
  <testcase classname="com.Yale_Test_Automated.Consultar_Test_Encuesta_Paginacion" name="Control_Data_Paginacion" time="3.983"/>
  <testcase classname="com.Yale_Test_Automated.Consultar_Test_Encuesta_Paginacion" name="Control_Data_Paginacion" time="3.462"/>
  <testcase classname="com.Yale_Test_Automated.Consultar_Test_Encuesta_Paginacion" name="Control_Data_Paginacion" time="3.968"/>
  <testcase classname="com.Yale_Test_Automated.Consultar_Test_Encuesta_Paginacion" name="Control_Data_Paginacion" time="3.429"/>
  <testcase classname="com.Yale_Test_Automated.Consultar_Test_Encuesta_Paginacion" name="Control_Data_Paginacion" time="3.427"/>
  <testcase classname="com.Yale_Test_Automated.Consultar_Test_Encuesta_Paginacion" name="Control_Data_Paginacion" time="3.967"/>
  <testcase classname="com.Yale_Test_Automated.Consultar_Test_Encuesta_Paginacion" name="Control_Data_Paginacion" time="3.991"/>
  <testcase classname="com.Yale_Test_Automated.Consultar_Test_Encuesta_Paginacion" name="Control_Data_Paginacion" time="2.92"/>
  <testcase classname="com.Yale_Test_Automated.Consultar_Test_Encuesta_Paginacion" name="Control_Data_Paginacion" time="2.932"/>
  <testcase classname="com.Yale_Test_Automated.Consultar_Test_Encuesta_Paginacion" name="Control_Data_Paginacion" time="3.432"/>
  <testcase classname="com.Yale_Test_Automated.Consultar_Test_Encuesta_Paginacion" name="Control_Data_Paginacion" time="3.418"/>
  <testcase classname="com.Yale_Test_Automated.Consultar_Test_Encuesta_Paginacion" name="Control_Data_Paginacion" time="2.867"/>
  <testcase classname="com.Yale_Test_Automated.Consultar_Test_Encuesta_Paginacion" name="Control_Data_Paginacion" time="2.89"/>
  <testcase classname="com.Yale_Test_Automated.Consultar_Test_Encuesta_Paginacion" name="Control_Data_Paginacion" time="5.083"/>
  <testcase classname="com.Yale_Test_Automated.Consultar_Test_Encuesta_Paginacion" name="Control_Data_Paginacion" time="4.551"/>
  <testcase classname="com.Yale_Test_Automated.Consultar_Test_Encuesta_Paginacion" name="Control_Data_Paginacion" time="3.727"/>
  <testcase classname="com.Yale_Test_Automated.Consultar_Test_Encuesta_Paginacion" name="Control_Data_Paginacion" time="2.862"/>
  <testcase classname="com.Yale_Test_Automated.Consultar_Test_Encuesta_Paginacion" name="Control_Paginacion" time="0.32">
    <failure type="java.lang.AssertionError" message="Paginacion errada
Expected: a string containing &amp;quot;500&amp;quot;
     but: was &amp;quot;FUSE
menu
Charlie Adams
adams.charlie@mail.com
APPLICATIONS
assignment
Preguntas
today
email
account_box
check_box
star
Charlie Adams
keyboard_arrow_down
search
EN
format_list_bulleted
Preguntas
Crear pregunta
Id
Nombre
Activa
Fecha
Acciones
210
Como fue la atencion - Editada
Si
18-12-2020
edit
delete
211
100
Si
18-12-2020
edit
delete
212
200
Si
18-12-2020
edit
delete
213
300
Si
18-12-2020
edit
delete
214
400
Si
18-12-2020
edit
delete
Items per page:
5
1 – 5 of 21
Click to add/remove shortcut
¡Pregunta creada satisfactoriamente!
X
5
10
20&amp;quot;">
      <![CDATA[java.lang.AssertionError: Paginacion errada
Expected: a string containing "500"
     but: was "FUSE
menu
Charlie Adams
adams.charlie@mail.com
APPLICATIONS
assignment
Preguntas
today
email
account_box
check_box
star
Charlie Adams
keyboard_arrow_down
search
EN
format_list_bulleted
Preguntas
Crear pregunta
Id
Nombre
Activa
Fecha
Acciones
210
Como fue la atencion - Editada
Si
18-12-2020
edit
delete
211
100
Si
18-12-2020
edit
delete
212
200
Si
18-12-2020
edit
delete
213
300
Si
18-12-2020
edit
delete
214
400
Si
18-12-2020
edit
delete
Items per page:
5
1 – 5 of 21
Click to add/remove shortcut
¡Pregunta creada satisfactoriamente!
X
5
10
20"
	at org.hamcrest.MatcherAssert.assertThat(MatcherAssert.java:20)
	at org.junit.Assert.assertThat(Assert.java:964)
	at com.Yale_Test_Automated.Consultar_Test_Encuesta_Paginacion.Control_Paginacion(Consultar_Test_Encuesta_Paginacion.java:101)
... Removed 24 stack frames]]>
    </failure>
  </testcase> <!-- Control_Paginacion -->
</testsuite> <!-- Test on Chrome Encuesta paginacion -->
