<?xml version="1.0" encoding="UTF-8"?>
<testng-results total="3" passed="3" failed="0" skipped="0">
  <reporter-output>
  </reporter-output>
  <suite started-at="2020-12-21T19:19:52Z" name="Suite" finished-at="2020-12-21T19:20:20Z" duration-ms="28272">
    <groups>
    </groups>
    <test started-at="2020-12-21T19:19:52Z" name="Test on Chrome consultar pedido" finished-at="2020-12-21T19:20:20Z" duration-ms="28272">
      <class name="com.Yale_Test_Automated.Consultar_Test_Pedido">
        <test-method is-config="true" signature="setUp(java.lang.String, java.lang.String)[pri:0, instance:com.Yale_Test_Automated.Consultar_Test_Pedido@14f232c4]" started-at="2020-12-21T14:19:52Z" name="setUp" finished-at="2020-12-21T14:20:00Z" duration-ms="8669" status="PASS">
          <params>
            <param index="0">
              <value>
                <![CDATA[http://localhost:4300/]]>
              </value>
            </param>
            <param index="1">
              <value>
                <![CDATA[Chrome]]>
              </value>
            </param>
          </params>
          <reporter-output>
          </reporter-output>
        </test-method> <!-- setUp -->
        <test-method signature="Consultar(java.lang.String, java.lang.String)[pri:0, instance:com.Yale_Test_Automated.Consultar_Test_Pedido@14f232c4]" started-at="2020-12-21T14:20:00Z" name="Consultar" data-provider="Data_prueba" finished-at="2020-12-21T14:20:07Z" duration-ms="6688" status="PASS">
          <params>
            <param index="0">
              <value>
                <![CDATA[1]]>
              </value>
            </param>
            <param index="1">
              <value>
                <![CDATA[Orden de venta (OV)]]>
              </value>
            </param>
          </params>
          <reporter-output>
          </reporter-output>
        </test-method> <!-- Consultar -->
        <test-method signature="Consultar(java.lang.String, java.lang.String)[pri:0, instance:com.Yale_Test_Automated.Consultar_Test_Pedido@14f232c4]" started-at="2020-12-21T14:20:07Z" name="Consultar" data-provider="Data_prueba" finished-at="2020-12-21T14:20:14Z" duration-ms="6407" status="PASS">
          <params>
            <param index="0">
              <value>
                <![CDATA[2]]>
              </value>
            </param>
            <param index="1">
              <value>
                <![CDATA[Número de Guía]]>
              </value>
            </param>
          </params>
          <reporter-output>
          </reporter-output>
        </test-method> <!-- Consultar -->
        <test-method signature="Validar_Estados()[pri:0, instance:com.Yale_Test_Automated.Consultar_Test_Pedido@14f232c4]" started-at="2020-12-21T14:20:14Z" name="Validar_Estados" finished-at="2020-12-21T14:20:20Z" duration-ms="6497" status="PASS">
          <reporter-output>
          </reporter-output>
        </test-method> <!-- Validar_Estados -->
      </class> <!-- com.Yale_Test_Automated.Consultar_Test_Pedido -->
    </test> <!-- Test on Chrome consultar pedido -->
  </suite> <!-- Suite -->
</testng-results>
